c:\users\administrator\documents\visual studio 2015\projects\윈플 텀프\windowprogramming\debug\vc140.pdb
c:\users\administrator\documents\visual studio 2015\projects\윈플 텀프\windowprogramming\debug\vc140.idb
c:\users\administrator\documents\visual studio 2015\projects\윈플 텀프\windowprogramming\debug\inho.obj
c:\users\administrator\documents\visual studio 2015\projects\윈플 텀프\windowprogramming\debug\seop.obj
c:\users\administrator\documents\visual studio 2015\projects\윈플 텀프\windowprogramming\debug\main.obj
c:\users\administrator\documents\visual studio 2015\projects\윈플 텀프\debug\mrsquare.ilk
c:\users\administrator\documents\visual studio 2015\projects\윈플 텀프\debug\mrsquare.exe
c:\users\administrator\documents\visual studio 2015\projects\윈플 텀프\debug\mrsquare.pdb
c:\users\administrator\documents\visual studio 2015\projects\윈플 텀프\windowprogramming\debug\resource.res
c:\users\administrator\documents\visual studio 2015\projects\윈플 텀프\windowprogramming\debug\vc120.idb
c:\users\administrator\documents\visual studio 2015\projects\윈플 텀프\windowprogramming\debug\vc120.pdb
c:\users\administrator\documents\visual studio 2015\projects\윈플 텀프\windowprogramming\debug\mrsquare.tlog\cl.command.1.tlog
c:\users\administrator\documents\visual studio 2015\projects\윈플 텀프\windowprogramming\debug\mrsquare.tlog\cl.read.1.tlog
c:\users\administrator\documents\visual studio 2015\projects\윈플 텀프\windowprogramming\debug\mrsquare.tlog\cl.write.1.tlog
c:\users\administrator\documents\visual studio 2015\projects\윈플 텀프\windowprogramming\debug\mrsquare.tlog\link.command.1.tlog
c:\users\administrator\documents\visual studio 2015\projects\윈플 텀프\windowprogramming\debug\mrsquare.tlog\link.read.1.tlog
c:\users\administrator\documents\visual studio 2015\projects\윈플 텀프\windowprogramming\debug\mrsquare.tlog\link.write.1.tlog
c:\users\administrator\documents\visual studio 2015\projects\윈플 텀프\windowprogramming\debug\mrsquare.tlog\rc.command.1.tlog
c:\users\administrator\documents\visual studio 2015\projects\윈플 텀프\windowprogramming\debug\mrsquare.tlog\rc.read.1.tlog
c:\users\administrator\documents\visual studio 2015\projects\윈플 텀프\windowprogramming\debug\mrsquare.tlog\rc.write.1.tlog
